<?xml version="1.0" encoding="UTF-8"?>
<testsuite xmlns:xsi="http://www.w3.org/2001/XMLSchema-instance" xsi:noNamespaceSchemaLocation="https://maven.apache.org/surefire/maven-surefire-plugin/xsd/surefire-test-report-3.0.xsd" version="3.0" name="org.mybatis.generator.XmlCodeGenerationTest" time="1.985" tests="86" errors="0" skipped="0" failures="0">
  <properties>
[...]
</properties>
  <testcase name="testXmlParse{GeneratedXmlFile}[1]" classname="org.mybatis.generator.XmlCodeGenerationTest" time="0.02"/>
  <testcase name="testXmlParse{GeneratedXmlFile}[2]" classname="org.mybatis.generator.XmlCodeGenerationTest" time="0.019"/>
  <testcase name="testXmlParse{GeneratedXmlFile}[3]" classname="org.mybatis.generator.XmlCodeGenerationTest" time="0.014"/>
  <testcase name="testXmlParse{GeneratedXmlFile}[4]" classname="org.mybatis.generator.XmlCodeGenerationTest" time="0.016"/>
  <testcase name="testXmlParse{GeneratedXmlFile}[5]" classname="org.mybatis.generator.XmlCodeGenerationTest" time="0.012"/>
  <testcase name="testXmlParse{GeneratedXmlFile}[6]" classname="org.mybatis.generator.XmlCodeGenerationTest" time="0.019"/>
  <testcase name="testXmlParse{GeneratedXmlFile}[7]" classname="org.mybatis.generator.XmlCodeGenerationTest" time="0.024"/>
  <testcase name="testXmlParse{GeneratedXmlFile}[8]" classname="org.mybatis.generator.XmlCodeGenerationTest" time="0.009"/>
  <testcase name="testXmlParse{GeneratedXmlFile}[9]" classname="org.mybatis.generator.XmlCodeGenerationTest" time="0.013"/>
  <testcase name="testXmlParse{GeneratedXmlFile}[10]" classname="org.mybatis.generator.XmlCodeGenerationTest" time="0.009"/>
  <testcase name="testXmlParse{GeneratedXmlFile}[11]" classname="org.mybatis.generator.XmlCodeGenerationTest" time="0.015"/>
  <testcase name="testXmlParse{GeneratedXmlFile}[12]" classname="org.mybatis.generator.XmlCodeGenerationTest" time="0.01"/>
  <testcase name="testXmlParse{GeneratedXmlFile}[13]" classname="org.mybatis.generator.XmlCodeGenerationTest" time="0.011"/>
  <testcase name="testXmlParse{GeneratedXmlFile}[14]" classname="org.mybatis.generator.XmlCodeGenerationTest" time="0.018"/>
  <testcase name="testXmlParse{GeneratedXmlFile}[15]" classname="org.mybatis.generator.XmlCodeGenerationTest" time="0.015"/>
  <testcase name="testXmlParse{GeneratedXmlFile}[16]" classname="org.mybatis.generator.XmlCodeGenerationTest" time="0.016"/>
  <testcase name="testXmlParse{GeneratedXmlFile}[17]" classname="org.mybatis.generator.XmlCodeGenerationTest" time="0.006"/>
  <testcase name="testXmlParse{GeneratedXmlFile}[18]" classname="org.mybatis.generator.XmlCodeGenerationTest" time="0.007"/>
  <testcase name="testXmlParse{GeneratedXmlFile}[19]" classname="org.mybatis.generator.XmlCodeGenerationTest" time="0.011"/>
  <testcase name="testXmlParse{GeneratedXmlFile}[20]" classname="org.mybatis.generator.XmlCodeGenerationTest" time="0.015"/>
  <testcase name="testXmlParse{GeneratedXmlFile}[21]" classname="org.mybatis.generator.XmlCodeGenerationTest" time="0.015"/>
  <testcase name="testXmlParse{GeneratedXmlFile}[22]" classname="org.mybatis.generator.XmlCodeGenerationTest" time="0.006"/>
  <testcase name="testXmlParse{GeneratedXmlFile}[23]" classname="org.mybatis.generator.XmlCodeGenerationTest" time="0.012"/>
  <testcase name="testXmlParse{GeneratedXmlFile}[24]" classname="org.mybatis.generator.XmlCodeGenerationTest" time="0.016"/>
  <testcase name="testXmlParse{GeneratedXmlFile}[25]" classname="org.mybatis.generator.XmlCodeGenerationTest" time="0.007"/>
  <testcase name="testXmlParse{GeneratedXmlFile}[26]" classname="org.mybatis.generator.XmlCodeGenerationTest" time="0.014"/>
  <testcase name="testXmlParse{GeneratedXmlFile}[27]" classname="org.mybatis.generator.XmlCodeGenerationTest" time="0.009"/>
  <testcase name="testXmlParse{GeneratedXmlFile}[28]" classname="org.mybatis.generator.XmlCodeGenerationTest" time="0.006"/>
  <testcase name="testXmlParse{GeneratedXmlFile}[29]" classname="org.mybatis.generator.XmlCodeGenerationTest" time="0.007"/>
  <testcase name="testXmlParse{GeneratedXmlFile}[30]" classname="org.mybatis.generator.XmlCodeGenerationTest" time="0.019"/>
  <testcase name="testXmlParse{GeneratedXmlFile}[31]" classname="org.mybatis.generator.XmlCodeGenerationTest" time="0.01"/>
  <testcase name="testXmlParse{GeneratedXmlFile}[32]" classname="org.mybatis.generator.XmlCodeGenerationTest" time="0.006"/>
  <testcase name="testXmlParse{GeneratedXmlFile}[33]" classname="org.mybatis.generator.XmlCodeGenerationTest" time="0.007"/>
  <testcase name="testXmlParse{GeneratedXmlFile}[34]" classname="org.mybatis.generator.XmlCodeGenerationTest" time="0.003"/>
  <testcase name="testXmlParse{GeneratedXmlFile}[35]" classname="org.mybatis.generator.XmlCodeGenerationTest" time="0.003"/>
  <testcase name="testXmlParse{GeneratedXmlFile}[36]" classname="org.mybatis.generator.XmlCodeGenerationTest" time="0.009"/>
  <testcase name="testXmlParse{GeneratedXmlFile}[37]" classname="org.mybatis.generator.XmlCodeGenerationTest" time="0.018"/>
  <testcase name="testXmlParse{GeneratedXmlFile}[38]" classname="org.mybatis.generator.XmlCodeGenerationTest" time="0.007"/>
  <testcase name="testXmlParse{GeneratedXmlFile}[39]" classname="org.mybatis.generator.XmlCodeGenerationTest" time="0.007"/>
  <testcase name="testXmlParse{GeneratedXmlFile}[40]" classname="org.mybatis.generator.XmlCodeGenerationTest" time="0.014"/>
  <testcase name="testXmlParse{GeneratedXmlFile}[41]" classname="org.mybatis.generator.XmlCodeGenerationTest" time="0.011"/>
  <testcase name="testXmlParse{GeneratedXmlFile}[42]" classname="org.mybatis.generator.XmlCodeGenerationTest" time="0.007"/>
  <testcase name="testXmlParse{GeneratedXmlFile}[43]" classname="org.mybatis.generator.XmlCodeGenerationTest" time="0.007"/>
  <testcase name="testXmlParse{GeneratedXmlFile}[44]" classname="org.mybatis.generator.XmlCodeGenerationTest" time="0.008"/>
  <testcase name="testXmlParse{GeneratedXmlFile}[45]" classname="org.mybatis.generator.XmlCodeGenerationTest" time="0.006"/>
  <testcase name="testXmlParse{GeneratedXmlFile}[46]" classname="org.mybatis.generator.XmlCodeGenerationTest" time="0.008"/>
  <testcase name="testXmlParse{GeneratedXmlFile}[47]" classname="org.mybatis.generator.XmlCodeGenerationTest" time="0.012"/>
  <testcase name="testXmlParse{GeneratedXmlFile}[48]" classname="org.mybatis.generator.XmlCodeGenerationTest" time="0.009"/>
  <testcase name="testXmlParse{GeneratedXmlFile}[49]" classname="org.mybatis.generator.XmlCodeGenerationTest" time="0.01"/>
  <testcase name="testXmlParse{GeneratedXmlFile}[50]" classname="org.mybatis.generator.XmlCodeGenerationTest" time="0.006"/>
  <testcase name="testXmlParse{GeneratedXmlFile}[51]" classname="org.mybatis.generator.XmlCodeGenerationTest" time="0.015"/>
  <testcase name="testXmlParse{GeneratedXmlFile}[52]" classname="org.mybatis.generator.XmlCodeGenerationTest" time="0.016"/>
  <testcase name="testXmlParse{GeneratedXmlFile}[53]" classname="org.mybatis.generator.XmlCodeGenerationTest" time="0.007"/>
  <testcase name="testXmlParse{GeneratedXmlFile}[54]" classname="org.mybatis.generator.XmlCodeGenerationTest" time="0.01"/>
  <testcase name="testXmlParse{GeneratedXmlFile}[55]" classname="org.mybatis.generator.XmlCodeGenerationTest" time="0.01"/>
  <testcase name="testXmlParse{GeneratedXmlFile}[56]" classname="org.mybatis.generator.XmlCodeGenerationTest" time="0.012"/>
  <testcase name="testXmlParse{GeneratedXmlFile}[57]" classname="org.mybatis.generator.XmlCodeGenerationTest" time="0.007"/>
  <testcase name="testXmlParse{GeneratedXmlFile}[58]" classname="org.mybatis.generator.XmlCodeGenerationTest" time="0.006"/>
  <testcase name="testXmlParse{GeneratedXmlFile}[59]" classname="org.mybatis.generator.XmlCodeGenerationTest" time="0.011"/>
  <testcase name="testXmlParse{GeneratedXmlFile}[60]" classname="org.mybatis.generator.XmlCodeGenerationTest" time="0.008"/>
  <testcase name="testXmlParse{GeneratedXmlFile}[61]" classname="org.mybatis.generator.XmlCodeGenerationTest" time="0.008"/>
  <testcase name="testXmlParse{GeneratedXmlFile}[62]" classname="org.mybatis.generator.XmlCodeGenerationTest" time="0.008"/>
  <testcase name="testXmlParse{GeneratedXmlFile}[63]" classname="org.mybatis.generator.XmlCodeGenerationTest" time="0.011"/>
  <testcase name="testXmlParse{GeneratedXmlFile}[64]" classname="org.mybatis.generator.XmlCodeGenerationTest" time="0.007"/>
  <testcase name="testXmlParse{GeneratedXmlFile}[65]" classname="org.mybatis.generator.XmlCodeGenerationTest" time="0.007"/>
  <testcase name="testXmlParse{GeneratedXmlFile}[66]" classname="org.mybatis.generator.XmlCodeGenerationTest" time="0.025"/>
  <testcase name="testXmlParse{GeneratedXmlFile}[67]" classname="org.mybatis.generator.XmlCodeGenerationTest" time="0.009"/>
  <testcase name="testXmlParse{GeneratedXmlFile}[68]" classname="org.mybatis.generator.XmlCodeGenerationTest" time="0.008"/>
  <testcase name="testXmlParse{GeneratedXmlFile}[69]" classname="org.mybatis.generator.XmlCodeGenerationTest" time="0.01"/>
  <testcase name="testXmlParse{GeneratedXmlFile}[70]" classname="org.mybatis.generator.XmlCodeGenerationTest" time="0.012"/>
  <testcase name="testXmlParse{GeneratedXmlFile}[71]" classname="org.mybatis.generator.XmlCodeGenerationTest" time="0.013"/>
  <testcase name="testXmlParse{GeneratedXmlFile}[72]" classname="org.mybatis.generator.XmlCodeGenerationTest" time="0.007"/>
  <testcase name="testXmlParse{GeneratedXmlFile}[73]" classname="org.mybatis.generator.XmlCodeGenerationTest" time="0.009"/>
  <testcase name="testXmlParse{GeneratedXmlFile}[74]" classname="org.mybatis.generator.XmlCodeGenerationTest" time="0.005"/>
  <testcase name="testXmlParse{GeneratedXmlFile}[75]" classname="org.mybatis.generator.XmlCodeGenerationTest" time="0.007"/>
  <testcase name="testXmlParse{GeneratedXmlFile}[76]" classname="org.mybatis.generator.XmlCodeGenerationTest" time="0.006"/>
  <testcase name="testXmlParse{GeneratedXmlFile}[77]" classname="org.mybatis.generator.XmlCodeGenerationTest" time="0.026"/>
  <testcase name="testXmlParse{GeneratedXmlFile}[78]" classname="org.mybatis.generator.XmlCodeGenerationTest" time="0.011"/>
  <testcase name="testXmlParse{GeneratedXmlFile}[79]" classname="org.mybatis.generator.XmlCodeGenerationTest" time="0.007"/>
  <testcase name="testXmlParse{GeneratedXmlFile}[80]" classname="org.mybatis.generator.XmlCodeGenerationTest" time="0.003"/>
  <testcase name="testXmlParse{GeneratedXmlFile}[81]" classname="org.mybatis.generator.XmlCodeGenerationTest" time="0.004"/>
  <testcase name="testXmlParse{GeneratedXmlFile}[82]" classname="org.mybatis.generator.XmlCodeGenerationTest" time="0.005"/>
  <testcase name="testXmlParse{GeneratedXmlFile}[83]" classname="org.mybatis.generator.XmlCodeGenerationTest" time="0.003"/>
  <testcase name="testXmlParse{GeneratedXmlFile}[84]" classname="org.mybatis.generator.XmlCodeGenerationTest" time="0.003"/>
  <testcase name="testXmlParse{GeneratedXmlFile}[85]" classname="org.mybatis.generator.XmlCodeGenerationTest" time="0.003"/>
  <testcase name="testXmlParse{GeneratedXmlFile}[86]" classname="org.mybatis.generator.XmlCodeGenerationTest" time="0.005"/>
</testsuite>