<?xml version="1.0" encoding="UTF-8"?>
<testsuite xmlns:xsi="http://www.w3.org/2001/XMLSchema-instance" xsi:noNamespaceSchemaLocation="https://maven.apache.org/surefire/maven-surefire-plugin/xsd/surefire-test-report-3.0.xsd" version="3.0" name="org.mybatis.generator.api.dom.xml.render.XmlRendererTest" time="0" tests="7" errors="0" skipped="0" failures="0">
  <properties>
[...]
</properties>
  <testcase name="testDoctypeAndRootWithAttributes" classname="org.mybatis.generator.api.dom.xml.render.XmlRendererTest" time="0"/>
  <testcase name="testDoctypeAndRootWithTextChild" classname="org.mybatis.generator.api.dom.xml.render.XmlRendererTest" time="0"/>
  <testcase name="testDoctypeAndRootWithAttribute" classname="org.mybatis.generator.api.dom.xml.render.XmlRendererTest" time="0"/>
  <testcase name="testNoDoctypeAndEmptyRoot" classname="org.mybatis.generator.api.dom.xml.render.XmlRendererTest" time="0"/>
  <testcase name="testFullDocument" classname="org.mybatis.generator.api.dom.xml.render.XmlRendererTest" time="0"/>
  <testcase name="testSystemDoctypeAndEmptyRoot" classname="org.mybatis.generator.api.dom.xml.render.XmlRendererTest" time="0"/>
  <testcase name="testDoctypeAndEmptyRoot" classname="org.mybatis.generator.api.dom.xml.render.XmlRendererTest" time="0"/>
</testsuite>